[ 2017-12-18T13:23:53+08:00 ] 127.0.0.1 /xq/index.php/home/book/showList/type/1.html
INFO: [ app_init ] --START--
INFO: Run Behavior\BuildLiteBehavior [ RunTime:0.000026s ]
INFO: [ app_init ] --END-- [ RunTime:0.000712s ]
INFO: [ app_begin ] --START--
INFO: Run Behavior\ReadHtmlCacheBehavior [ RunTime:0.000614s ]
INFO: [ app_begin ] --END-- [ RunTime:0.000656s ]
ERR: 无法加载控制器:Book

[ 2017-12-18T15:36:42+08:00 ] 127.0.0.1 /xq/
INFO: [ app_init ] --START--
INFO: Run Behavior\BuildLiteBehavior [ RunTime:0.000011s ]
INFO: [ app_init ] --END-- [ RunTime:0.000389s ]
INFO: [ app_begin ] --START--
INFO: Run Behavior\ReadHtmlCacheBehavior [ RunTime:0.000544s ]
INFO: [ app_begin ] --END-- [ RunTime:0.000580s ]
SQL: SHOW COLUMNS FROM `xq_config` [ RunTime:0.0006s ]
SQL: SELECT `app_name` FROM `xq_config` LIMIT 1   [ RunTime:0.0003s ]
ERR: 1146:Table 'xq.xq_exam' doesn't exist
 [ SQL语句 ] : SHOW COLUMNS FROM `xq_exam`
ERR: 1146:Table 'xq.xq_exam' doesn't exist
 [ SQL语句 ] : SHOW COLUMNS FROM `xq_exam`

[ 2017-12-18T15:36:45+08:00 ] 127.0.0.1 /xq/
INFO: [ app_init ] --START--
INFO: Run Behavior\BuildLiteBehavior [ RunTime:0.000018s ]
INFO: [ app_init ] --END-- [ RunTime:0.000610s ]
INFO: [ app_begin ] --START--
INFO: Run Behavior\ReadHtmlCacheBehavior [ RunTime:0.000812s ]
INFO: [ app_begin ] --END-- [ RunTime:0.000889s ]
SQL: SHOW COLUMNS FROM `xq_config` [ RunTime:0.0011s ]
SQL: SELECT `app_name` FROM `xq_config` LIMIT 1   [ RunTime:0.0003s ]
ERR: 1146:Table 'xq.xq_exam' doesn't exist
 [ SQL语句 ] : SHOW COLUMNS FROM `xq_exam`
ERR: 1146:Table 'xq.xq_exam' doesn't exist
 [ SQL语句 ] : SHOW COLUMNS FROM `xq_exam`

[ 2017-12-18T15:36:47+08:00 ] 127.0.0.1 /xq/
INFO: [ app_init ] --START--
INFO: Run Behavior\BuildLiteBehavior [ RunTime:0.000015s ]
INFO: [ app_init ] --END-- [ RunTime:0.000684s ]
INFO: [ app_begin ] --START--
INFO: Run Behavior\ReadHtmlCacheBehavior [ RunTime:0.000616s ]
INFO: [ app_begin ] --END-- [ RunTime:0.000661s ]
SQL: SHOW COLUMNS FROM `xq_config` [ RunTime:0.0005s ]
SQL: SELECT `app_name` FROM `xq_config` LIMIT 1   [ RunTime:0.0002s ]
ERR: 1146:Table 'xq.xq_exam' doesn't exist
 [ SQL语句 ] : SHOW COLUMNS FROM `xq_exam`
ERR: 1146:Table 'xq.xq_exam' doesn't exist
 [ SQL语句 ] : SHOW COLUMNS FROM `xq_exam`

[ 2017-12-18T15:37:01+08:00 ] 127.0.0.1 /xq/
INFO: [ app_init ] --START--
INFO: Run Behavior\BuildLiteBehavior [ RunTime:0.000010s ]
INFO: [ app_init ] --END-- [ RunTime:0.000348s ]
INFO: [ app_begin ] --START--
INFO: Run Behavior\ReadHtmlCacheBehavior [ RunTime:0.000487s ]
INFO: [ app_begin ] --END-- [ RunTime:0.000532s ]
SQL: SHOW COLUMNS FROM `xq_config` [ RunTime:0.0006s ]
SQL: SELECT `app_name` FROM `xq_config` LIMIT 1   [ RunTime:0.0002s ]
ERR: 1146:Table 'xq.xq_exam' doesn't exist
 [ SQL语句 ] : SHOW COLUMNS FROM `xq_exam`
ERR: 1146:Table 'xq.xq_exam' doesn't exist
 [ SQL语句 ] : SHOW COLUMNS FROM `xq_exam`

[ 2017-12-18T15:37:17+08:00 ] 127.0.0.1 /xq/
INFO: [ app_init ] --START--
INFO: Run Behavior\BuildLiteBehavior [ RunTime:0.000010s ]
INFO: [ app_init ] --END-- [ RunTime:0.000358s ]
INFO: [ app_begin ] --START--
INFO: Run Behavior\ReadHtmlCacheBehavior [ RunTime:0.000470s ]
INFO: [ app_begin ] --END-- [ RunTime:0.000507s ]
SQL: SHOW COLUMNS FROM `xq_config` [ RunTime:0.0006s ]
SQL: SELECT `app_name` FROM `xq_config` LIMIT 1   [ RunTime:0.0002s ]
ERR: 1146:Table 'xq.xq_exam' doesn't exist
 [ SQL语句 ] : SHOW COLUMNS FROM `xq_exam`
ERR: 1146:Table 'xq.xq_exam' doesn't exist
 [ SQL语句 ] : SHOW COLUMNS FROM `xq_exam`

[ 2017-12-18T15:37:23+08:00 ] 127.0.0.1 /xq/
INFO: [ app_init ] --START--
INFO: Run Behavior\BuildLiteBehavior [ RunTime:0.000011s ]
INFO: [ app_init ] --END-- [ RunTime:0.000368s ]
INFO: [ app_begin ] --START--
INFO: Run Behavior\ReadHtmlCacheBehavior [ RunTime:0.000471s ]
INFO: [ app_begin ] --END-- [ RunTime:0.000511s ]
SQL: SHOW COLUMNS FROM `xq_config` [ RunTime:0.0006s ]
SQL: SELECT `app_name` FROM `xq_config` LIMIT 1   [ RunTime:0.0002s ]
ERR: 1146:Table 'xq.xq_exam' doesn't exist
 [ SQL语句 ] : SHOW COLUMNS FROM `xq_exam`
ERR: 1146:Table 'xq.xq_exam' doesn't exist
 [ SQL语句 ] : SHOW COLUMNS FROM `xq_exam`

[ 2017-12-18T15:37:46+08:00 ] 127.0.0.1 /xq/
INFO: [ app_init ] --START--
INFO: Run Behavior\BuildLiteBehavior [ RunTime:0.000015s ]
INFO: [ app_init ] --END-- [ RunTime:0.000388s ]
INFO: [ app_begin ] --START--
INFO: Run Behavior\ReadHtmlCacheBehavior [ RunTime:0.000471s ]
INFO: [ app_begin ] --END-- [ RunTime:0.000508s ]
SQL: SHOW COLUMNS FROM `xq_config` [ RunTime:0.0005s ]
SQL: SELECT `app_name` FROM `xq_config` LIMIT 1   [ RunTime:0.0002s ]
ERR: 1146:Table 'xq.xq_exam' doesn't exist
 [ SQL语句 ] : SHOW COLUMNS FROM `xq_exam`
ERR: 1146:Table 'xq.xq_exam' doesn't exist
 [ SQL语句 ] : SHOW COLUMNS FROM `xq_exam`

[ 2017-12-18T15:37:55+08:00 ] 127.0.0.1 /xq/
INFO: [ app_init ] --START--
INFO: Run Behavior\BuildLiteBehavior [ RunTime:0.000011s ]
INFO: [ app_init ] --END-- [ RunTime:0.000371s ]
INFO: [ app_begin ] --START--
INFO: Run Behavior\ReadHtmlCacheBehavior [ RunTime:0.000488s ]
INFO: [ app_begin ] --END-- [ RunTime:0.000522s ]
SQL: SHOW COLUMNS FROM `xq_config` [ RunTime:0.0008s ]
SQL: SELECT `app_name` FROM `xq_config` LIMIT 1   [ RunTime:0.0006s ]
ERR: 1146:Table 'xq.xq_exam' doesn't exist
 [ SQL语句 ] : SHOW COLUMNS FROM `xq_exam`
ERR: 1146:Table 'xq.xq_exam' doesn't exist
 [ SQL语句 ] : SHOW COLUMNS FROM `xq_exam`

[ 2017-12-18T15:37:57+08:00 ] 127.0.0.1 /xq/
INFO: [ app_init ] --START--
INFO: Run Behavior\BuildLiteBehavior [ RunTime:0.000033s ]
INFO: [ app_init ] --END-- [ RunTime:0.000770s ]
INFO: [ app_begin ] --START--
INFO: Run Behavior\ReadHtmlCacheBehavior [ RunTime:0.000526s ]
INFO: [ app_begin ] --END-- [ RunTime:0.000578s ]
SQL: SHOW COLUMNS FROM `xq_config` [ RunTime:0.0006s ]
SQL: SELECT `app_name` FROM `xq_config` LIMIT 1   [ RunTime:0.0002s ]
ERR: 1146:Table 'xq.xq_exam' doesn't exist
 [ SQL语句 ] : SHOW COLUMNS FROM `xq_exam`
ERR: 1146:Table 'xq.xq_exam' doesn't exist
 [ SQL语句 ] : SHOW COLUMNS FROM `xq_exam`

[ 2017-12-18T15:38:03+08:00 ] 127.0.0.1 /xq/
INFO: [ app_init ] --START--
INFO: Run Behavior\BuildLiteBehavior [ RunTime:0.000011s ]
INFO: [ app_init ] --END-- [ RunTime:0.000383s ]
INFO: [ app_begin ] --START--
INFO: Run Behavior\ReadHtmlCacheBehavior [ RunTime:0.000481s ]
INFO: [ app_begin ] --END-- [ RunTime:0.000521s ]
SQL: SHOW COLUMNS FROM `xq_config` [ RunTime:0.0005s ]
SQL: SELECT `app_name` FROM `xq_config` LIMIT 1   [ RunTime:0.0002s ]
ERR: 1146:Table 'xq.xq_exam' doesn't exist
 [ SQL语句 ] : SHOW COLUMNS FROM `xq_exam`
ERR: 1146:Table 'xq.xq_exam' doesn't exist
 [ SQL语句 ] : SHOW COLUMNS FROM `xq_exam`

[ 2017-12-18T15:38:07+08:00 ] 127.0.0.1 /xq/
INFO: [ app_init ] --START--
INFO: Run Behavior\BuildLiteBehavior [ RunTime:0.000011s ]
INFO: [ app_init ] --END-- [ RunTime:0.000371s ]
INFO: [ app_begin ] --START--
INFO: Run Behavior\ReadHtmlCacheBehavior [ RunTime:0.000602s ]
INFO: [ app_begin ] --END-- [ RunTime:0.000643s ]
SQL: SHOW COLUMNS FROM `xq_config` [ RunTime:0.0006s ]
SQL: SELECT `app_name` FROM `xq_config` LIMIT 1   [ RunTime:0.0002s ]
ERR: 1146:Table 'xq.xq_exam' doesn't exist
 [ SQL语句 ] : SHOW COLUMNS FROM `xq_exam`
ERR: 1146:Table 'xq.xq_exam' doesn't exist
 [ SQL语句 ] : SHOW COLUMNS FROM `xq_exam`

[ 2017-12-18T15:38:13+08:00 ] 127.0.0.1 /xq/
INFO: [ app_init ] --START--
INFO: Run Behavior\BuildLiteBehavior [ RunTime:0.000011s ]
INFO: [ app_init ] --END-- [ RunTime:0.000423s ]
INFO: [ app_begin ] --START--
INFO: Run Behavior\ReadHtmlCacheBehavior [ RunTime:0.000477s ]
INFO: [ app_begin ] --END-- [ RunTime:0.000515s ]
SQL: SHOW COLUMNS FROM `xq_config` [ RunTime:0.0005s ]
SQL: SELECT `app_name` FROM `xq_config` LIMIT 1   [ RunTime:0.0002s ]
ERR: 1146:Table 'xq.xq_exam' doesn't exist
 [ SQL语句 ] : SHOW COLUMNS FROM `xq_exam`
ERR: 1146:Table 'xq.xq_exam' doesn't exist
 [ SQL语句 ] : SHOW COLUMNS FROM `xq_exam`

[ 2017-12-18T15:38:21+08:00 ] 127.0.0.1 /xq/
INFO: [ app_init ] --START--
INFO: Run Behavior\BuildLiteBehavior [ RunTime:0.000011s ]
INFO: [ app_init ] --END-- [ RunTime:0.000378s ]
INFO: [ app_begin ] --START--
INFO: Run Behavior\ReadHtmlCacheBehavior [ RunTime:0.000520s ]
INFO: [ app_begin ] --END-- [ RunTime:0.000557s ]
SQL: SHOW COLUMNS FROM `xq_config` [ RunTime:0.0005s ]
SQL: SELECT `app_name` FROM `xq_config` LIMIT 1   [ RunTime:0.0002s ]
ERR: 1146:Table 'xq.xq_exam' doesn't exist
 [ SQL语句 ] : SHOW COLUMNS FROM `xq_exam`
ERR: 1146:Table 'xq.xq_exam' doesn't exist
 [ SQL语句 ] : SHOW COLUMNS FROM `xq_exam`

[ 2017-12-18T15:38:27+08:00 ] 127.0.0.1 /xq/
INFO: [ app_init ] --START--
INFO: Run Behavior\BuildLiteBehavior [ RunTime:0.000012s ]
INFO: [ app_init ] --END-- [ RunTime:0.000388s ]
INFO: [ app_begin ] --START--
INFO: Run Behavior\ReadHtmlCacheBehavior [ RunTime:0.000489s ]
INFO: [ app_begin ] --END-- [ RunTime:0.000531s ]
SQL: SHOW COLUMNS FROM `xq_config` [ RunTime:0.0005s ]
SQL: SELECT `app_name` FROM `xq_config` LIMIT 1   [ RunTime:0.0002s ]
ERR: 1146:Table 'xq.xq_exam' doesn't exist
 [ SQL语句 ] : SHOW COLUMNS FROM `xq_exam`
ERR: 1146:Table 'xq.xq_exam' doesn't exist
 [ SQL语句 ] : SHOW COLUMNS FROM `xq_exam`

[ 2017-12-18T15:38:33+08:00 ] 127.0.0.1 /xq/
INFO: [ app_init ] --START--
INFO: Run Behavior\BuildLiteBehavior [ RunTime:0.000012s ]
INFO: [ app_init ] --END-- [ RunTime:0.000413s ]
INFO: [ app_begin ] --START--
INFO: Run Behavior\ReadHtmlCacheBehavior [ RunTime:0.000639s ]
INFO: [ app_begin ] --END-- [ RunTime:0.000688s ]
SQL: SHOW COLUMNS FROM `xq_config` [ RunTime:0.0005s ]
SQL: SELECT `app_name` FROM `xq_config` LIMIT 1   [ RunTime:0.0002s ]
ERR: 1146:Table 'xq.xq_exam' doesn't exist
 [ SQL语句 ] : SHOW COLUMNS FROM `xq_exam`
ERR: 1146:Table 'xq.xq_exam' doesn't exist
 [ SQL语句 ] : SHOW COLUMNS FROM `xq_exam`

[ 2017-12-18T15:39:09+08:00 ] 127.0.0.1 /xq/
INFO: [ app_init ] --START--
INFO: Run Behavior\BuildLiteBehavior [ RunTime:0.000015s ]
INFO: [ app_init ] --END-- [ RunTime:0.000477s ]
INFO: [ app_begin ] --START--
INFO: Run Behavior\ReadHtmlCacheBehavior [ RunTime:0.000840s ]
INFO: [ app_begin ] --END-- [ RunTime:0.000930s ]
SQL: SHOW COLUMNS FROM `xq_config` [ RunTime:0.0006s ]
SQL: SELECT `app_name` FROM `xq_config` LIMIT 1   [ RunTime:0.0002s ]
ERR: 1146:Table 'xq.xq_exam' doesn't exist
 [ SQL语句 ] : SHOW COLUMNS FROM `xq_exam`
ERR: 1146:Table 'xq.xq_exam' doesn't exist
 [ SQL语句 ] : SHOW COLUMNS FROM `xq_exam`

[ 2017-12-18T15:39:22+08:00 ] 127.0.0.1 /xq/
INFO: [ app_init ] --START--
INFO: Run Behavior\BuildLiteBehavior [ RunTime:0.000010s ]
INFO: [ app_init ] --END-- [ RunTime:0.000349s ]
INFO: [ app_begin ] --START--
INFO: Run Behavior\ReadHtmlCacheBehavior [ RunTime:0.000503s ]
INFO: [ app_begin ] --END-- [ RunTime:0.000538s ]
SQL: SHOW COLUMNS FROM `xq_config` [ RunTime:0.0005s ]
SQL: SELECT `app_name` FROM `xq_config` LIMIT 1   [ RunTime:0.0002s ]
ERR: 1146:Table 'xq.xq_exam' doesn't exist
 [ SQL语句 ] : SHOW COLUMNS FROM `xq_exam`
ERR: 1146:Table 'xq.xq_exam' doesn't exist
 [ SQL语句 ] : SHOW COLUMNS FROM `xq_exam`

[ 2017-12-18T15:39:40+08:00 ] 127.0.0.1 /xq/
INFO: [ app_init ] --START--
INFO: Run Behavior\BuildLiteBehavior [ RunTime:0.000015s ]
INFO: [ app_init ] --END-- [ RunTime:0.000518s ]
INFO: [ app_begin ] --START--
INFO: Run Behavior\ReadHtmlCacheBehavior [ RunTime:0.000704s ]
INFO: [ app_begin ] --END-- [ RunTime:0.000766s ]
SQL: SHOW COLUMNS FROM `xq_config` [ RunTime:0.0007s ]
SQL: SELECT `app_name` FROM `xq_config` LIMIT 1   [ RunTime:0.0003s ]
ERR: 1146:Table 'xq.xq_exam' doesn't exist
 [ SQL语句 ] : SHOW COLUMNS FROM `xq_exam`
ERR: 1146:Table 'xq.xq_exam' doesn't exist
 [ SQL语句 ] : SHOW COLUMNS FROM `xq_exam`

[ 2017-12-18T15:40:19+08:00 ] 127.0.0.1 /xq/
INFO: [ app_init ] --START--
INFO: Run Behavior\BuildLiteBehavior [ RunTime:0.000012s ]
INFO: [ app_init ] --END-- [ RunTime:0.000378s ]
INFO: [ app_begin ] --START--
INFO: Run Behavior\ReadHtmlCacheBehavior [ RunTime:0.000506s ]
INFO: [ app_begin ] --END-- [ RunTime:0.000545s ]
SQL: SHOW COLUMNS FROM `xq_config` [ RunTime:0.0005s ]
SQL: SELECT `app_name` FROM `xq_config` LIMIT 1   [ RunTime:0.0002s ]
ERR: 1146:Table 'xq.xq_exam' doesn't exist
 [ SQL语句 ] : SHOW COLUMNS FROM `xq_exam`
ERR: 1146:Table 'xq.xq_exam' doesn't exist
 [ SQL语句 ] : SHOW COLUMNS FROM `xq_exam`

[ 2017-12-18T15:40:28+08:00 ] 127.0.0.1 /xq/
INFO: [ app_init ] --START--
INFO: Run Behavior\BuildLiteBehavior [ RunTime:0.000012s ]
INFO: [ app_init ] --END-- [ RunTime:0.000380s ]
INFO: [ app_begin ] --START--
INFO: Run Behavior\ReadHtmlCacheBehavior [ RunTime:0.000477s ]
INFO: [ app_begin ] --END-- [ RunTime:0.000516s ]
SQL: SHOW COLUMNS FROM `xq_config` [ RunTime:0.0004s ]
SQL: SELECT `app_name` FROM `xq_config` LIMIT 1   [ RunTime:0.0002s ]
ERR: 1146:Table 'xq.xq_exam' doesn't exist
 [ SQL语句 ] : SHOW COLUMNS FROM `xq_exam`
ERR: 1146:Table 'xq.xq_exam' doesn't exist
 [ SQL语句 ] : SHOW COLUMNS FROM `xq_exam`

[ 2017-12-18T15:40:31+08:00 ] 127.0.0.1 /xq/
INFO: [ app_init ] --START--
INFO: Run Behavior\BuildLiteBehavior [ RunTime:0.000011s ]
INFO: [ app_init ] --END-- [ RunTime:0.000366s ]
INFO: [ app_begin ] --START--
INFO: Run Behavior\ReadHtmlCacheBehavior [ RunTime:0.000480s ]
INFO: [ app_begin ] --END-- [ RunTime:0.000519s ]
SQL: SHOW COLUMNS FROM `xq_config` [ RunTime:0.0005s ]
SQL: SELECT `app_name` FROM `xq_config` LIMIT 1   [ RunTime:0.0002s ]
ERR: 1146:Table 'xq.xq_exam' doesn't exist
 [ SQL语句 ] : SHOW COLUMNS FROM `xq_exam`
ERR: 1146:Table 'xq.xq_exam' doesn't exist
 [ SQL语句 ] : SHOW COLUMNS FROM `xq_exam`

[ 2017-12-18T15:40:42+08:00 ] 127.0.0.1 /xq/
INFO: [ app_init ] --START--
INFO: Run Behavior\BuildLiteBehavior [ RunTime:0.000010s ]
INFO: [ app_init ] --END-- [ RunTime:0.000357s ]
INFO: [ app_begin ] --START--
INFO: Run Behavior\ReadHtmlCacheBehavior [ RunTime:0.000500s ]
INFO: [ app_begin ] --END-- [ RunTime:0.000534s ]
SQL: SHOW COLUMNS FROM `xq_config` [ RunTime:0.0005s ]
SQL: SELECT `app_name` FROM `xq_config` LIMIT 1   [ RunTime:0.0002s ]
ERR: 1146:Table 'xq.xq_exam' doesn't exist
 [ SQL语句 ] : SHOW COLUMNS FROM `xq_exam`
ERR: 1146:Table 'xq.xq_exam' doesn't exist
 [ SQL语句 ] : SHOW COLUMNS FROM `xq_exam`

[ 2017-12-18T15:41:41+08:00 ] 127.0.0.1 /xq/
INFO: [ app_init ] --START--
INFO: Run Behavior\BuildLiteBehavior [ RunTime:0.000016s ]
INFO: [ app_init ] --END-- [ RunTime:0.000616s ]
INFO: [ app_begin ] --START--
INFO: Run Behavior\ReadHtmlCacheBehavior [ RunTime:0.000823s ]
INFO: [ app_begin ] --END-- [ RunTime:0.000899s ]
SQL: SHOW COLUMNS FROM `xq_config` [ RunTime:0.0006s ]
SQL: SELECT `app_name` FROM `xq_config` LIMIT 1   [ RunTime:0.0002s ]
ERR: 1146:Table 'xq.xq_exam' doesn't exist
 [ SQL语句 ] : SHOW COLUMNS FROM `xq_exam`
ERR: 1146:Table 'xq.xq_exam' doesn't exist
 [ SQL语句 ] : SHOW COLUMNS FROM `xq_exam`

[ 2017-12-18T15:41:47+08:00 ] 127.0.0.1 /xq/
INFO: [ app_init ] --START--
INFO: Run Behavior\BuildLiteBehavior [ RunTime:0.000011s ]
INFO: [ app_init ] --END-- [ RunTime:0.000367s ]
INFO: [ app_begin ] --START--
INFO: Run Behavior\ReadHtmlCacheBehavior [ RunTime:0.000532s ]
INFO: [ app_begin ] --END-- [ RunTime:0.000573s ]
SQL: SHOW COLUMNS FROM `xq_config` [ RunTime:0.0005s ]
SQL: SELECT `app_name` FROM `xq_config` LIMIT 1   [ RunTime:0.0002s ]
ERR: 1146:Table 'xq.xq_exam' doesn't exist
 [ SQL语句 ] : SHOW COLUMNS FROM `xq_exam`
ERR: 1146:Table 'xq.xq_exam' doesn't exist
 [ SQL语句 ] : SHOW COLUMNS FROM `xq_exam`

[ 2017-12-18T15:42:06+08:00 ] 127.0.0.1 /xq/
INFO: [ app_init ] --START--
INFO: Run Behavior\BuildLiteBehavior [ RunTime:0.000010s ]
INFO: [ app_init ] --END-- [ RunTime:0.000382s ]
INFO: [ app_begin ] --START--
INFO: Run Behavior\ReadHtmlCacheBehavior [ RunTime:0.000555s ]
INFO: [ app_begin ] --END-- [ RunTime:0.000593s ]
SQL: SHOW COLUMNS FROM `xq_config` [ RunTime:0.0007s ]
SQL: SELECT `app_name` FROM `xq_config` LIMIT 1   [ RunTime:0.0003s ]
ERR: 1146:Table 'xq.xq_exam' doesn't exist
 [ SQL语句 ] : SHOW COLUMNS FROM `xq_exam`
ERR: 1146:Table 'xq.xq_exam' doesn't exist
 [ SQL语句 ] : SHOW COLUMNS FROM `xq_exam`

[ 2017-12-18T15:42:32+08:00 ] 127.0.0.1 /xq/
INFO: [ app_init ] --START--
INFO: Run Behavior\BuildLiteBehavior [ RunTime:0.000011s ]
INFO: [ app_init ] --END-- [ RunTime:0.000368s ]
INFO: [ app_begin ] --START--
INFO: Run Behavior\ReadHtmlCacheBehavior [ RunTime:0.000535s ]
INFO: [ app_begin ] --END-- [ RunTime:0.000570s ]
SQL: SHOW COLUMNS FROM `xq_config` [ RunTime:0.0005s ]
SQL: SELECT `app_name` FROM `xq_config` LIMIT 1   [ RunTime:0.0002s ]
ERR: 1146:Table 'xq.xq_exam' doesn't exist
 [ SQL语句 ] : SHOW COLUMNS FROM `xq_exam`
ERR: 1146:Table 'xq.xq_exam' doesn't exist
 [ SQL语句 ] : SHOW COLUMNS FROM `xq_exam`

[ 2017-12-18T15:46:45+08:00 ] 127.0.0.1 /xq/
INFO: [ app_init ] --START--
INFO: Run Behavior\BuildLiteBehavior [ RunTime:0.000011s ]
INFO: [ app_init ] --END-- [ RunTime:0.000371s ]
INFO: [ app_begin ] --START--
INFO: Run Behavior\ReadHtmlCacheBehavior [ RunTime:0.000474s ]
INFO: [ app_begin ] --END-- [ RunTime:0.000508s ]
SQL: SHOW COLUMNS FROM `xq_config` [ RunTime:0.0005s ]
SQL: SELECT `app_name` FROM `xq_config` LIMIT 1   [ RunTime:0.0002s ]
ERR: 1146:Table 'xq.xq_exam' doesn't exist
 [ SQL语句 ] : SHOW COLUMNS FROM `xq_exam`
ERR: 1146:Table 'xq.xq_exam' doesn't exist
 [ SQL语句 ] : SHOW COLUMNS FROM `xq_exam`

[ 2017-12-18T15:46:51+08:00 ] 127.0.0.1 /xq/
INFO: [ app_init ] --START--
INFO: Run Behavior\BuildLiteBehavior [ RunTime:0.000010s ]
INFO: [ app_init ] --END-- [ RunTime:0.000384s ]
INFO: [ app_begin ] --START--
INFO: Run Behavior\ReadHtmlCacheBehavior [ RunTime:0.000514s ]
INFO: [ app_begin ] --END-- [ RunTime:0.000550s ]
SQL: SHOW COLUMNS FROM `xq_config` [ RunTime:0.0005s ]
SQL: SELECT `app_name` FROM `xq_config` LIMIT 1   [ RunTime:0.0002s ]
ERR: 1146:Table 'xq.xq_exam' doesn't exist
 [ SQL语句 ] : SHOW COLUMNS FROM `xq_exam`
ERR: 1146:Table 'xq.xq_exam' doesn't exist
 [ SQL语句 ] : SHOW COLUMNS FROM `xq_exam`

[ 2017-12-18T15:47:01+08:00 ] 127.0.0.1 /xq/
INFO: [ app_init ] --START--
INFO: Run Behavior\BuildLiteBehavior [ RunTime:0.000016s ]
INFO: [ app_init ] --END-- [ RunTime:0.000558s ]
INFO: [ app_begin ] --START--
INFO: Run Behavior\ReadHtmlCacheBehavior [ RunTime:0.000742s ]
INFO: [ app_begin ] --END-- [ RunTime:0.000806s ]
SQL: SHOW COLUMNS FROM `xq_config` [ RunTime:0.0005s ]
SQL: SELECT `app_name` FROM `xq_config` LIMIT 1   [ RunTime:0.0002s ]
ERR: 1146:Table 'xq.xq_exam' doesn't exist
 [ SQL语句 ] : SHOW COLUMNS FROM `xq_exam`
ERR: 1146:Table 'xq.xq_exam' doesn't exist
 [ SQL语句 ] : SHOW COLUMNS FROM `xq_exam`

[ 2017-12-18T15:47:48+08:00 ] 127.0.0.1 /xq/
INFO: [ app_init ] --START--
INFO: Run Behavior\BuildLiteBehavior [ RunTime:0.000011s ]
INFO: [ app_init ] --END-- [ RunTime:0.000374s ]
INFO: [ app_begin ] --START--
INFO: Run Behavior\ReadHtmlCacheBehavior [ RunTime:0.000483s ]
INFO: [ app_begin ] --END-- [ RunTime:0.000521s ]
SQL: SHOW COLUMNS FROM `xq_config` [ RunTime:0.0005s ]
SQL: SELECT `app_name` FROM `xq_config` LIMIT 1   [ RunTime:0.0002s ]
ERR: 1146:Table 'xq.xq_exam' doesn't exist
 [ SQL语句 ] : SHOW COLUMNS FROM `xq_exam`
ERR: 1146:Table 'xq.xq_exam' doesn't exist
 [ SQL语句 ] : SHOW COLUMNS FROM `xq_exam`

[ 2017-12-18T15:47:58+08:00 ] 127.0.0.1 /xq/
INFO: [ app_init ] --START--
INFO: Run Behavior\BuildLiteBehavior [ RunTime:0.000011s ]
INFO: [ app_init ] --END-- [ RunTime:0.000433s ]
INFO: [ app_begin ] --START--
INFO: Run Behavior\ReadHtmlCacheBehavior [ RunTime:0.000496s ]
INFO: [ app_begin ] --END-- [ RunTime:0.000534s ]
SQL: SHOW COLUMNS FROM `xq_config` [ RunTime:0.0005s ]
SQL: SELECT `app_name` FROM `xq_config` LIMIT 1   [ RunTime:0.0003s ]
ERR: 1146:Table 'xq.xq_exam' doesn't exist
 [ SQL语句 ] : SHOW COLUMNS FROM `xq_exam`
ERR: 1146:Table 'xq.xq_exam' doesn't exist
 [ SQL语句 ] : SHOW COLUMNS FROM `xq_exam`

[ 2017-12-18T15:48:05+08:00 ] 127.0.0.1 /xq/
INFO: [ app_init ] --START--
INFO: Run Behavior\BuildLiteBehavior [ RunTime:0.000010s ]
INFO: [ app_init ] --END-- [ RunTime:0.000351s ]
INFO: [ app_begin ] --START--
INFO: Run Behavior\ReadHtmlCacheBehavior [ RunTime:0.000465s ]
INFO: [ app_begin ] --END-- [ RunTime:0.000502s ]
SQL: SHOW COLUMNS FROM `xq_config` [ RunTime:0.0006s ]
SQL: SELECT `app_name` FROM `xq_config` LIMIT 1   [ RunTime:0.0002s ]
ERR: 1146:Table 'xq.xq_exam' doesn't exist
 [ SQL语句 ] : SHOW COLUMNS FROM `xq_exam`
ERR: 1146:Table 'xq.xq_exam' doesn't exist
 [ SQL语句 ] : SHOW COLUMNS FROM `xq_exam`

[ 2017-12-18T15:48:12+08:00 ] 127.0.0.1 /xq/
INFO: [ app_init ] --START--
INFO: Run Behavior\BuildLiteBehavior [ RunTime:0.000010s ]
INFO: [ app_init ] --END-- [ RunTime:0.000371s ]
INFO: [ app_begin ] --START--
INFO: Run Behavior\ReadHtmlCacheBehavior [ RunTime:0.000463s ]
INFO: [ app_begin ] --END-- [ RunTime:0.000496s ]
SQL: SHOW COLUMNS FROM `xq_config` [ RunTime:0.0006s ]
SQL: SELECT `app_name` FROM `xq_config` LIMIT 1   [ RunTime:0.0002s ]
ERR: 1146:Table 'xq.xq_exam' doesn't exist
 [ SQL语句 ] : SHOW COLUMNS FROM `xq_exam`
ERR: 1146:Table 'xq.xq_exam' doesn't exist
 [ SQL语句 ] : SHOW COLUMNS FROM `xq_exam`

[ 2017-12-18T15:48:48+08:00 ] 127.0.0.1 /xq/
INFO: [ app_init ] --START--
INFO: Run Behavior\BuildLiteBehavior [ RunTime:0.000012s ]
INFO: [ app_init ] --END-- [ RunTime:0.000370s ]
INFO: [ app_begin ] --START--
INFO: Run Behavior\ReadHtmlCacheBehavior [ RunTime:0.000561s ]
INFO: [ app_begin ] --END-- [ RunTime:0.000607s ]
SQL: SHOW COLUMNS FROM `xq_config` [ RunTime:0.0005s ]
SQL: SELECT `app_name` FROM `xq_config` LIMIT 1   [ RunTime:0.0002s ]
ERR: 1146:Table 'xq.xq_exam' doesn't exist
 [ SQL语句 ] : SHOW COLUMNS FROM `xq_exam`
ERR: 1146:Table 'xq.xq_exam' doesn't exist
 [ SQL语句 ] : SHOW COLUMNS FROM `xq_exam`

[ 2017-12-18T15:49:01+08:00 ] 127.0.0.1 /xq/
INFO: [ app_init ] --START--
INFO: Run Behavior\BuildLiteBehavior [ RunTime:0.000016s ]
INFO: [ app_init ] --END-- [ RunTime:0.000530s ]
INFO: [ app_begin ] --START--
INFO: Run Behavior\ReadHtmlCacheBehavior [ RunTime:0.000555s ]
INFO: [ app_begin ] --END-- [ RunTime:0.000605s ]
SQL: SHOW COLUMNS FROM `xq_config` [ RunTime:0.0007s ]
SQL: SELECT `app_name` FROM `xq_config` LIMIT 1   [ RunTime:0.0003s ]
ERR: 1146:Table 'xq.xq_exam' doesn't exist
 [ SQL语句 ] : SHOW COLUMNS FROM `xq_exam`
ERR: 1146:Table 'xq.xq_exam' doesn't exist
 [ SQL语句 ] : SHOW COLUMNS FROM `xq_exam`

[ 2017-12-18T15:49:26+08:00 ] 127.0.0.1 /xq/
INFO: [ app_init ] --START--
INFO: Run Behavior\BuildLiteBehavior [ RunTime:0.000017s ]
INFO: [ app_init ] --END-- [ RunTime:0.000585s ]
INFO: [ app_begin ] --START--
INFO: Run Behavior\ReadHtmlCacheBehavior [ RunTime:0.000718s ]
INFO: [ app_begin ] --END-- [ RunTime:0.000786s ]
SQL: SHOW COLUMNS FROM `xq_config` [ RunTime:0.0005s ]
SQL: SELECT `app_name` FROM `xq_config` LIMIT 1   [ RunTime:0.0002s ]
ERR: 1146:Table 'xq.xq_exam' doesn't exist
 [ SQL语句 ] : SHOW COLUMNS FROM `xq_exam`
ERR: 1146:Table 'xq.xq_exam' doesn't exist
 [ SQL语句 ] : SHOW COLUMNS FROM `xq_exam`

[ 2017-12-18T15:49:50+08:00 ] 127.0.0.1 /xq/
INFO: [ app_init ] --START--
INFO: Run Behavior\BuildLiteBehavior [ RunTime:0.000011s ]
INFO: [ app_init ] --END-- [ RunTime:0.000363s ]
INFO: [ app_begin ] --START--
INFO: Run Behavior\ReadHtmlCacheBehavior [ RunTime:0.000585s ]
INFO: [ app_begin ] --END-- [ RunTime:0.000626s ]
SQL: SHOW COLUMNS FROM `xq_config` [ RunTime:0.0004s ]
SQL: SELECT `app_name` FROM `xq_config` LIMIT 1   [ RunTime:0.0002s ]
ERR: 1146:Table 'xq.xq_exam' doesn't exist
 [ SQL语句 ] : SHOW COLUMNS FROM `xq_exam`
ERR: 1146:Table 'xq.xq_exam' doesn't exist
 [ SQL语句 ] : SHOW COLUMNS FROM `xq_exam`

[ 2017-12-18T15:50:10+08:00 ] 127.0.0.1 /xq/
INFO: [ app_init ] --START--
INFO: Run Behavior\BuildLiteBehavior [ RunTime:0.000011s ]
INFO: [ app_init ] --END-- [ RunTime:0.000335s ]
INFO: [ app_begin ] --START--
INFO: Run Behavior\ReadHtmlCacheBehavior [ RunTime:0.000454s ]
INFO: [ app_begin ] --END-- [ RunTime:0.000489s ]
SQL: SHOW COLUMNS FROM `xq_config` [ RunTime:0.0007s ]
SQL: SELECT `app_name` FROM `xq_config` LIMIT 1   [ RunTime:0.0002s ]
ERR: 1146:Table 'xq.xq_exam' doesn't exist
 [ SQL语句 ] : SHOW COLUMNS FROM `xq_exam`
ERR: 1146:Table 'xq.xq_exam' doesn't exist
 [ SQL语句 ] : SHOW COLUMNS FROM `xq_exam`

[ 2017-12-18T15:50:45+08:00 ] 127.0.0.1 /xq/
INFO: [ app_init ] --START--
INFO: Run Behavior\BuildLiteBehavior [ RunTime:0.000010s ]
INFO: [ app_init ] --END-- [ RunTime:0.000361s ]
INFO: [ app_begin ] --START--
INFO: Run Behavior\ReadHtmlCacheBehavior [ RunTime:0.000627s ]
INFO: [ app_begin ] --END-- [ RunTime:0.000677s ]
SQL: SHOW COLUMNS FROM `xq_config` [ RunTime:0.0008s ]
SQL: SELECT `app_name` FROM `xq_config` LIMIT 1   [ RunTime:0.0003s ]
ERR: 1146:Table 'xq.xq_exam' doesn't exist
 [ SQL语句 ] : SHOW COLUMNS FROM `xq_exam`
ERR: 1146:Table 'xq.xq_exam' doesn't exist
 [ SQL语句 ] : SHOW COLUMNS FROM `xq_exam`

[ 2017-12-18T15:50:47+08:00 ] 127.0.0.1 /xq/
INFO: [ app_init ] --START--
INFO: Run Behavior\BuildLiteBehavior [ RunTime:0.000010s ]
INFO: [ app_init ] --END-- [ RunTime:0.000365s ]
INFO: [ app_begin ] --START--
INFO: Run Behavior\ReadHtmlCacheBehavior [ RunTime:0.000479s ]
INFO: [ app_begin ] --END-- [ RunTime:0.000517s ]
SQL: SHOW COLUMNS FROM `xq_config` [ RunTime:0.0005s ]
SQL: SELECT `app_name` FROM `xq_config` LIMIT 1   [ RunTime:0.0002s ]
ERR: 1146:Table 'xq.xq_exam' doesn't exist
 [ SQL语句 ] : SHOW COLUMNS FROM `xq_exam`
ERR: 1146:Table 'xq.xq_exam' doesn't exist
 [ SQL语句 ] : SHOW COLUMNS FROM `xq_exam`

[ 2017-12-18T15:51:29+08:00 ] 127.0.0.1 /xq/
INFO: [ app_init ] --START--
INFO: Run Behavior\BuildLiteBehavior [ RunTime:0.000011s ]
INFO: [ app_init ] --END-- [ RunTime:0.000409s ]
INFO: [ app_begin ] --START--
INFO: Run Behavior\ReadHtmlCacheBehavior [ RunTime:0.000610s ]
INFO: [ app_begin ] --END-- [ RunTime:0.000657s ]
SQL: SHOW COLUMNS FROM `xq_config` [ RunTime:0.0007s ]
SQL: SELECT `app_name` FROM `xq_config` LIMIT 1   [ RunTime:0.0003s ]
ERR: 1146:Table 'xq.xq_exam' doesn't exist
 [ SQL语句 ] : SHOW COLUMNS FROM `xq_exam`
ERR: 1146:Table 'xq.xq_exam' doesn't exist
 [ SQL语句 ] : SHOW COLUMNS FROM `xq_exam`

[ 2017-12-18T15:51:33+08:00 ] 127.0.0.1 /xq/
INFO: [ app_init ] --START--
INFO: Run Behavior\BuildLiteBehavior [ RunTime:0.000011s ]
INFO: [ app_init ] --END-- [ RunTime:0.000377s ]
INFO: [ app_begin ] --START--
INFO: Run Behavior\ReadHtmlCacheBehavior [ RunTime:0.000498s ]
INFO: [ app_begin ] --END-- [ RunTime:0.000537s ]
SQL: SHOW COLUMNS FROM `xq_config` [ RunTime:0.0006s ]
SQL: SELECT `app_name` FROM `xq_config` LIMIT 1   [ RunTime:0.0002s ]
ERR: 1146:Table 'xq.xq_exam' doesn't exist
 [ SQL语句 ] : SHOW COLUMNS FROM `xq_exam`
ERR: 1146:Table 'xq.xq_exam' doesn't exist
 [ SQL语句 ] : SHOW COLUMNS FROM `xq_exam`

[ 2017-12-18T15:51:38+08:00 ] 127.0.0.1 /xq/
INFO: [ app_init ] --START--
INFO: Run Behavior\BuildLiteBehavior [ RunTime:0.000020s ]
INFO: [ app_init ] --END-- [ RunTime:0.000410s ]
INFO: [ app_begin ] --START--
INFO: Run Behavior\ReadHtmlCacheBehavior [ RunTime:0.000492s ]
INFO: [ app_begin ] --END-- [ RunTime:0.000535s ]
SQL: SHOW COLUMNS FROM `xq_config` [ RunTime:0.0005s ]
SQL: SELECT `app_name` FROM `xq_config` LIMIT 1   [ RunTime:0.0002s ]
ERR: 1146:Table 'xq.xq_exam' doesn't exist
 [ SQL语句 ] : SHOW COLUMNS FROM `xq_exam`
ERR: 1146:Table 'xq.xq_exam' doesn't exist
 [ SQL语句 ] : SHOW COLUMNS FROM `xq_exam`

[ 2017-12-18T15:53:46+08:00 ] 127.0.0.1 /xq/
INFO: [ app_init ] --START--
INFO: Run Behavior\BuildLiteBehavior [ RunTime:0.000012s ]
INFO: [ app_init ] --END-- [ RunTime:0.000492s ]
INFO: [ app_begin ] --START--
INFO: Run Behavior\ReadHtmlCacheBehavior [ RunTime:0.000450s ]
INFO: [ app_begin ] --END-- [ RunTime:0.000485s ]
SQL: SHOW COLUMNS FROM `xq_config` [ RunTime:0.0004s ]
SQL: SELECT `app_name` FROM `xq_config` LIMIT 1   [ RunTime:0.0003s ]
ERR: 1146:Table 'xq.xq_exam' doesn't exist
 [ SQL语句 ] : SHOW COLUMNS FROM `xq_exam`
ERR: 1146:Table 'xq.xq_exam' doesn't exist
 [ SQL语句 ] : SHOW COLUMNS FROM `xq_exam`

[ 2017-12-18T15:53:53+08:00 ] 127.0.0.1 /xq/
INFO: [ app_init ] --START--
INFO: Run Behavior\BuildLiteBehavior [ RunTime:0.000014s ]
INFO: [ app_init ] --END-- [ RunTime:0.000418s ]
INFO: [ app_begin ] --START--
INFO: Run Behavior\ReadHtmlCacheBehavior [ RunTime:0.000483s ]
INFO: [ app_begin ] --END-- [ RunTime:0.000526s ]
SQL: SHOW COLUMNS FROM `xq_config` [ RunTime:0.0005s ]
SQL: SELECT `app_name` FROM `xq_config` LIMIT 1   [ RunTime:0.0002s ]
ERR: 1146:Table 'xq.xq_exam' doesn't exist
 [ SQL语句 ] : SHOW COLUMNS FROM `xq_exam`
ERR: 1146:Table 'xq.xq_exam' doesn't exist
 [ SQL语句 ] : SHOW COLUMNS FROM `xq_exam`

[ 2017-12-18T15:54:38+08:00 ] 127.0.0.1 /xq/
INFO: [ app_init ] --START--
INFO: Run Behavior\BuildLiteBehavior [ RunTime:0.000016s ]
INFO: [ app_init ] --END-- [ RunTime:0.000370s ]
INFO: [ app_begin ] --START--
INFO: Run Behavior\ReadHtmlCacheBehavior [ RunTime:0.000560s ]
INFO: [ app_begin ] --END-- [ RunTime:0.000611s ]
SQL: SHOW COLUMNS FROM `xq_config` [ RunTime:0.0005s ]
SQL: SELECT `app_name` FROM `xq_config` LIMIT 1   [ RunTime:0.0002s ]
ERR: 1146:Table 'xq.xq_exam' doesn't exist
 [ SQL语句 ] : SHOW COLUMNS FROM `xq_exam`
ERR: 1146:Table 'xq.xq_exam' doesn't exist
 [ SQL语句 ] : SHOW COLUMNS FROM `xq_exam`

[ 2017-12-18T15:58:06+08:00 ] 127.0.0.1 /xq/
INFO: [ app_init ] --START--
INFO: Run Behavior\BuildLiteBehavior [ RunTime:0.000017s ]
INFO: [ app_init ] --END-- [ RunTime:0.000591s ]
INFO: [ app_begin ] --START--
INFO: Run Behavior\ReadHtmlCacheBehavior [ RunTime:0.000714s ]
INFO: [ app_begin ] --END-- [ RunTime:0.000778s ]
SQL: SHOW COLUMNS FROM `xq_config` [ RunTime:0.0006s ]
SQL: SELECT `app_name` FROM `xq_config` LIMIT 1   [ RunTime:0.0002s ]
ERR: 1146:Table 'xq.xq_exam' doesn't exist
 [ SQL语句 ] : SHOW COLUMNS FROM `xq_exam`
ERR: 1146:Table 'xq.xq_exam' doesn't exist
 [ SQL语句 ] : SHOW COLUMNS FROM `xq_exam`

[ 2017-12-18T15:58:12+08:00 ] 127.0.0.1 /xq/
INFO: [ app_init ] --START--
INFO: Run Behavior\BuildLiteBehavior [ RunTime:0.000024s ]
INFO: [ app_init ] --END-- [ RunTime:0.000706s ]
INFO: [ app_begin ] --START--
INFO: Run Behavior\ReadHtmlCacheBehavior [ RunTime:0.001310s ]
INFO: [ app_begin ] --END-- [ RunTime:0.001491s ]
SQL: SHOW COLUMNS FROM `xq_config` [ RunTime:0.0007s ]
SQL: SELECT `app_name` FROM `xq_config` LIMIT 1   [ RunTime:0.0004s ]
ERR: 1146:Table 'xq.xq_exam' doesn't exist
 [ SQL语句 ] : SHOW COLUMNS FROM `xq_exam`
ERR: 1146:Table 'xq.xq_exam' doesn't exist
 [ SQL语句 ] : SHOW COLUMNS FROM `xq_exam`

[ 2017-12-18T15:59:06+08:00 ] 127.0.0.1 /xq/
INFO: [ app_init ] --START--
INFO: Run Behavior\BuildLiteBehavior [ RunTime:0.000015s ]
INFO: [ app_init ] --END-- [ RunTime:0.000394s ]
INFO: [ app_begin ] --START--
INFO: Run Behavior\ReadHtmlCacheBehavior [ RunTime:0.000557s ]
INFO: [ app_begin ] --END-- [ RunTime:0.000595s ]
SQL: SHOW COLUMNS FROM `xq_config` [ RunTime:0.0005s ]
SQL: SELECT `app_name` FROM `xq_config` LIMIT 1   [ RunTime:0.0002s ]
ERR: 1146:Table 'xq.xq_exam' doesn't exist
 [ SQL语句 ] : SHOW COLUMNS FROM `xq_exam`
ERR: 1146:Table 'xq.xq_exam' doesn't exist
 [ SQL语句 ] : SHOW COLUMNS FROM `xq_exam`

[ 2017-12-18T16:16:24+08:00 ] 127.0.0.1 /xq/
INFO: [ app_init ] --START--
INFO: Run Behavior\BuildLiteBehavior [ RunTime:0.000011s ]
INFO: [ app_init ] --END-- [ RunTime:0.000360s ]
INFO: [ app_begin ] --START--
INFO: Run Behavior\ReadHtmlCacheBehavior [ RunTime:0.000534s ]
INFO: [ app_begin ] --END-- [ RunTime:0.000579s ]
SQL: SHOW COLUMNS FROM `xq_config` [ RunTime:0.0006s ]
SQL: SELECT `app_name` FROM `xq_config` LIMIT 1   [ RunTime:0.0002s ]
ERR: 1146:Table 'xq.xq_exam' doesn't exist
 [ SQL语句 ] : SHOW COLUMNS FROM `xq_exam`
ERR: 1146:Table 'xq.xq_exam' doesn't exist
 [ SQL语句 ] : SHOW COLUMNS FROM `xq_exam`

[ 2017-12-18T17:07:06+08:00 ] 127.0.0.1 /xq/
INFO: [ app_init ] --START--
INFO: Run Behavior\BuildLiteBehavior [ RunTime:0.000013s ]
INFO: [ app_init ] --END-- [ RunTime:0.000560s ]
INFO: [ app_begin ] --START--
INFO: Run Behavior\ReadHtmlCacheBehavior [ RunTime:0.000904s ]
INFO: [ app_begin ] --END-- [ RunTime:0.000986s ]
SQL: SHOW COLUMNS FROM `xq_config` [ RunTime:0.0005s ]
SQL: SELECT `app_name` FROM `xq_config` LIMIT 1   [ RunTime:0.0002s ]
ERR: 1146:Table 'xq.xq_exam' doesn't exist
 [ SQL语句 ] : SHOW COLUMNS FROM `xq_exam`
ERR: 1146:Table 'xq.xq_exam' doesn't exist
 [ SQL语句 ] : SHOW COLUMNS FROM `xq_exam`

[ 2017-12-18T17:07:09+08:00 ] 127.0.0.1 /xq/
INFO: [ app_init ] --START--
INFO: Run Behavior\BuildLiteBehavior [ RunTime:0.000019s ]
INFO: [ app_init ] --END-- [ RunTime:0.000446s ]
INFO: [ app_begin ] --START--
INFO: Run Behavior\ReadHtmlCacheBehavior [ RunTime:0.000498s ]
INFO: [ app_begin ] --END-- [ RunTime:0.000546s ]
SQL: SHOW COLUMNS FROM `xq_config` [ RunTime:0.0006s ]
SQL: SELECT `app_name` FROM `xq_config` LIMIT 1   [ RunTime:0.0002s ]
ERR: 1146:Table 'xq.xq_exam' doesn't exist
 [ SQL语句 ] : SHOW COLUMNS FROM `xq_exam`
ERR: 1146:Table 'xq.xq_exam' doesn't exist
 [ SQL语句 ] : SHOW COLUMNS FROM `xq_exam`

[ 2017-12-18T17:07:29+08:00 ] 127.0.0.1 /xq/
INFO: [ app_init ] --START--
INFO: Run Behavior\BuildLiteBehavior [ RunTime:0.000011s ]
INFO: [ app_init ] --END-- [ RunTime:0.000418s ]
INFO: [ app_begin ] --START--
INFO: Run Behavior\ReadHtmlCacheBehavior [ RunTime:0.000763s ]
INFO: [ app_begin ] --END-- [ RunTime:0.000825s ]
SQL: SHOW COLUMNS FROM `xq_config` [ RunTime:0.0005s ]
SQL: SELECT `app_name` FROM `xq_config` LIMIT 1   [ RunTime:0.0003s ]
ERR: 1146:Table 'xq.xq_exam' doesn't exist
 [ SQL语句 ] : SHOW COLUMNS FROM `xq_exam`
ERR: 1146:Table 'xq.xq_exam' doesn't exist
 [ SQL语句 ] : SHOW COLUMNS FROM `xq_exam`

[ 2017-12-18T17:07:50+08:00 ] 127.0.0.1 /xq/
INFO: [ app_init ] --START--
INFO: Run Behavior\BuildLiteBehavior [ RunTime:0.000010s ]
INFO: [ app_init ] --END-- [ RunTime:0.000312s ]
INFO: [ app_begin ] --START--
INFO: Run Behavior\ReadHtmlCacheBehavior [ RunTime:0.000392s ]
INFO: [ app_begin ] --END-- [ RunTime:0.000438s ]
SQL: SHOW COLUMNS FROM `xq_config` [ RunTime:0.0005s ]
SQL: SELECT `app_name` FROM `xq_config` LIMIT 1   [ RunTime:0.0002s ]
ERR: 1146:Table 'xq.xq_exam' doesn't exist
 [ SQL语句 ] : SHOW COLUMNS FROM `xq_exam`
ERR: 1146:Table 'xq.xq_exam' doesn't exist
 [ SQL语句 ] : SHOW COLUMNS FROM `xq_exam`

[ 2017-12-18T17:07:50+08:00 ] 127.0.0.1 /xq/
INFO: [ app_init ] --START--
INFO: Run Behavior\BuildLiteBehavior [ RunTime:0.000043s ]
INFO: [ app_init ] --END-- [ RunTime:0.000692s ]
INFO: [ app_begin ] --START--
INFO: Run Behavior\ReadHtmlCacheBehavior [ RunTime:0.000631s ]
INFO: [ app_begin ] --END-- [ RunTime:0.000700s ]
SQL: SHOW COLUMNS FROM `xq_config` [ RunTime:0.0007s ]
SQL: SELECT `app_name` FROM `xq_config` LIMIT 1   [ RunTime:0.0003s ]
ERR: 1146:Table 'xq.xq_exam' doesn't exist
 [ SQL语句 ] : SHOW COLUMNS FROM `xq_exam`
ERR: 1146:Table 'xq.xq_exam' doesn't exist
 [ SQL语句 ] : SHOW COLUMNS FROM `xq_exam`

[ 2017-12-18T17:08:09+08:00 ] 127.0.0.1 /xq/
INFO: [ app_init ] --START--
INFO: Run Behavior\BuildLiteBehavior [ RunTime:0.000011s ]
INFO: [ app_init ] --END-- [ RunTime:0.000397s ]
INFO: [ app_begin ] --START--
INFO: Run Behavior\ReadHtmlCacheBehavior [ RunTime:0.000626s ]
INFO: [ app_begin ] --END-- [ RunTime:0.000666s ]
SQL: SHOW COLUMNS FROM `xq_config` [ RunTime:0.0006s ]
SQL: SELECT `app_name` FROM `xq_config` LIMIT 1   [ RunTime:0.0002s ]
ERR: 1146:Table 'xq.xq_exam' doesn't exist
 [ SQL语句 ] : SHOW COLUMNS FROM `xq_exam`
ERR: 1146:Table 'xq.xq_exam' doesn't exist
 [ SQL语句 ] : SHOW COLUMNS FROM `xq_exam`

[ 2017-12-18T17:08:15+08:00 ] 127.0.0.1 /xq/
INFO: [ app_init ] --START--
INFO: Run Behavior\BuildLiteBehavior [ RunTime:0.000015s ]
INFO: [ app_init ] --END-- [ RunTime:0.000439s ]
INFO: [ app_begin ] --START--
INFO: Run Behavior\ReadHtmlCacheBehavior [ RunTime:0.000420s ]
INFO: [ app_begin ] --END-- [ RunTime:0.000462s ]
SQL: SHOW COLUMNS FROM `xq_config` [ RunTime:0.0006s ]
SQL: SELECT `app_name` FROM `xq_config` LIMIT 1   [ RunTime:0.0002s ]
ERR: 1146:Table 'xq.xq_exam' doesn't exist
 [ SQL语句 ] : SHOW COLUMNS FROM `xq_exam`
ERR: 1146:Table 'xq.xq_exam' doesn't exist
 [ SQL语句 ] : SHOW COLUMNS FROM `xq_exam`

[ 2017-12-18T17:08:19+08:00 ] 127.0.0.1 /xq/
INFO: [ app_init ] --START--
INFO: Run Behavior\BuildLiteBehavior [ RunTime:0.000012s ]
INFO: [ app_init ] --END-- [ RunTime:0.000426s ]
INFO: [ app_begin ] --START--
INFO: Run Behavior\ReadHtmlCacheBehavior [ RunTime:0.000457s ]
INFO: [ app_begin ] --END-- [ RunTime:0.000511s ]
SQL: SHOW COLUMNS FROM `xq_config` [ RunTime:0.0005s ]
SQL: SELECT `app_name` FROM `xq_config` LIMIT 1   [ RunTime:0.0002s ]
ERR: 1146:Table 'xq.xq_exam' doesn't exist
 [ SQL语句 ] : SHOW COLUMNS FROM `xq_exam`
ERR: 1146:Table 'xq.xq_exam' doesn't exist
 [ SQL语句 ] : SHOW COLUMNS FROM `xq_exam`

[ 2017-12-18T17:08:20+08:00 ] 127.0.0.1 /xq/
INFO: [ app_init ] --START--
INFO: Run Behavior\BuildLiteBehavior [ RunTime:0.000014s ]
INFO: [ app_init ] --END-- [ RunTime:0.000681s ]
INFO: [ app_begin ] --START--
INFO: Run Behavior\ReadHtmlCacheBehavior [ RunTime:0.000438s ]
INFO: [ app_begin ] --END-- [ RunTime:0.000481s ]
SQL: SHOW COLUMNS FROM `xq_config` [ RunTime:0.0005s ]
SQL: SELECT `app_name` FROM `xq_config` LIMIT 1   [ RunTime:0.0002s ]
ERR: 1146:Table 'xq.xq_exam' doesn't exist
 [ SQL语句 ] : SHOW COLUMNS FROM `xq_exam`
ERR: 1146:Table 'xq.xq_exam' doesn't exist
 [ SQL语句 ] : SHOW COLUMNS FROM `xq_exam`

