[ 2017-12-19T11:05:12+08:00 ] 192.168.0.105 /xq/index.php/app.css
INFO: [ app_init ] --START--
INFO: Run Behavior\BuildLiteBehavior [ RunTime:0.000016s ]
INFO: [ app_init ] --END-- [ RunTime:0.000462s ]
ERR: 无法加载模块:App

[ 2017-12-19T11:05:12+08:00 ] 192.168.0.105 /xq/index.php/utils/bootstrap/css/bootstrap.css
INFO: [ app_init ] --START--
INFO: Run Behavior\BuildLiteBehavior [ RunTime:0.000016s ]
INFO: [ app_init ] --END-- [ RunTime:0.000603s ]
ERR: 无法加载模块:Utils

[ 2017-12-19T11:05:12+08:00 ] 192.168.0.105 /xq/index.php/utils/font/css/font-awesome.min.css
INFO: [ app_init ] --START--
INFO: Run Behavior\BuildLiteBehavior [ RunTime:0.000015s ]
INFO: [ app_init ] --END-- [ RunTime:0.000530s ]
ERR: 无法加载模块:Utils

[ 2017-12-19T11:05:12+08:00 ] 192.168.0.105 /xq/index.php/utils/jquery/jquery.js
INFO: [ app_init ] --START--
INFO: Run Behavior\BuildLiteBehavior [ RunTime:0.000015s ]
INFO: [ app_init ] --END-- [ RunTime:0.000576s ]
ERR: 无法加载模块:Utils

[ 2017-12-19T11:05:12+08:00 ] 192.168.0.105 /xq/index.php/utils/bootstrap/js/bootstrap.js
INFO: [ app_init ] --START--
INFO: Run Behavior\BuildLiteBehavior [ RunTime:0.000016s ]
INFO: [ app_init ] --END-- [ RunTime:0.000487s ]
ERR: 无法加载模块:Utils

[ 2017-12-19T11:05:12+08:00 ] 192.168.0.105 /xq/index.php/utils/vue/vue.js
INFO: [ app_init ] --START--
INFO: Run Behavior\BuildLiteBehavior [ RunTime:0.000015s ]
INFO: [ app_init ] --END-- [ RunTime:0.000531s ]
ERR: 无法加载模块:Utils

[ 2017-12-19T11:05:12+08:00 ] 192.168.0.105 /xq/index.php/assets/img/xinque.png
INFO: [ app_init ] --START--
INFO: Run Behavior\BuildLiteBehavior [ RunTime:0.000014s ]
INFO: [ app_init ] --END-- [ RunTime:0.000525s ]
ERR: 无法加载模块:Assets

[ 2017-12-19T11:05:12+08:00 ] 192.168.0.105 /xq/index.php/app.js
INFO: [ app_init ] --START--
INFO: Run Behavior\BuildLiteBehavior [ RunTime:0.000015s ]
INFO: [ app_init ] --END-- [ RunTime:0.000481s ]
ERR: 无法加载模块:App

[ 2017-12-19T11:05:12+08:00 ] 192.168.0.105 /xq/index.php/assets/img/lunbo.png
INFO: [ app_init ] --START--
INFO: Run Behavior\BuildLiteBehavior [ RunTime:0.000015s ]
INFO: [ app_init ] --END-- [ RunTime:0.000495s ]
ERR: 无法加载模块:Assets

[ 2017-12-19T11:05:12+08:00 ] 192.168.0.105 /xq/index.php/assets/img/xiaoniao.png
INFO: [ app_init ] --START--
INFO: Run Behavior\BuildLiteBehavior [ RunTime:0.000015s ]
INFO: [ app_init ] --END-- [ RunTime:0.000497s ]
ERR: 无法加载模块:Assets

[ 2017-12-19T11:05:12+08:00 ] 192.168.0.105 /xq/index.php/assets/img/lunbo2.png
INFO: [ app_init ] --START--
INFO: Run Behavior\BuildLiteBehavior [ RunTime:0.000024s ]
INFO: [ app_init ] --END-- [ RunTime:0.000779s ]
ERR: 无法加载模块:Assets

[ 2017-12-19T11:05:12+08:00 ] 192.168.0.105 /xq/index.php/assets/img/erweima.png
INFO: [ app_init ] --START--
INFO: Run Behavior\BuildLiteBehavior [ RunTime:0.000021s ]
INFO: [ app_init ] --END-- [ RunTime:0.000517s ]
ERR: 无法加载模块:Assets

[ 2017-12-19T11:05:12+08:00 ] 192.168.0.105 /xq/index.php/assets/img/lianxiwomen.png
INFO: [ app_init ] --START--
INFO: Run Behavior\BuildLiteBehavior [ RunTime:0.000023s ]
INFO: [ app_init ] --END-- [ RunTime:0.000762s ]
ERR: 无法加载模块:Assets

[ 2017-12-19T11:10:18+08:00 ] 192.168.0.105 /xq/index.php/utils/font/css/font-awesome.min.css
INFO: [ app_init ] --START--
INFO: Run Behavior\BuildLiteBehavior [ RunTime:0.000044s ]
INFO: [ app_init ] --END-- [ RunTime:0.000716s ]
ERR: 无法加载模块:Utils

[ 2017-12-19T11:10:18+08:00 ] 192.168.0.105 /xq/index.php/app.css
INFO: [ app_init ] --START--
INFO: Run Behavior\BuildLiteBehavior [ RunTime:0.000016s ]
INFO: [ app_init ] --END-- [ RunTime:0.000528s ]
ERR: 无法加载模块:App

[ 2017-12-19T11:10:18+08:00 ] 192.168.0.105 /xq/index.php/utils/jquery/jquery.js
INFO: [ app_init ] --START--
INFO: Run Behavior\BuildLiteBehavior [ RunTime:0.000015s ]
INFO: [ app_init ] --END-- [ RunTime:0.000525s ]
ERR: 无法加载模块:Utils

[ 2017-12-19T11:10:18+08:00 ] 192.168.0.105 /xq/index.php/utils/bootstrap/css/bootstrap.css
INFO: [ app_init ] --START--
INFO: Run Behavior\BuildLiteBehavior [ RunTime:0.000023s ]
INFO: [ app_init ] --END-- [ RunTime:0.013447s ]
ERR: 无法加载模块:Utils

[ 2017-12-19T11:10:19+08:00 ] 192.168.0.105 /xq/index.php/utils/bootstrap/js/bootstrap.js
INFO: [ app_init ] --START--
INFO: Run Behavior\BuildLiteBehavior [ RunTime:0.000019s ]
INFO: [ app_init ] --END-- [ RunTime:0.000909s ]
ERR: 无法加载模块:Utils

[ 2017-12-19T11:10:19+08:00 ] 192.168.0.105 /xq/index.php/utils/vue/vue.js
INFO: [ app_init ] --START--
INFO: Run Behavior\BuildLiteBehavior [ RunTime:0.000015s ]
INFO: [ app_init ] --END-- [ RunTime:0.000917s ]
ERR: 无法加载模块:Utils

[ 2017-12-19T11:10:19+08:00 ] 192.168.0.105 /xq/index.php/assets/img/xiaoniao.png
INFO: [ app_init ] --START--
INFO: Run Behavior\BuildLiteBehavior [ RunTime:0.000015s ]
INFO: [ app_init ] --END-- [ RunTime:0.000621s ]
ERR: 无法加载模块:Assets

[ 2017-12-19T11:10:19+08:00 ] 192.168.0.105 /xq/index.php/app.js
INFO: [ app_init ] --START--
INFO: Run Behavior\BuildLiteBehavior [ RunTime:0.000018s ]
INFO: [ app_init ] --END-- [ RunTime:0.001796s ]
ERR: 无法加载模块:App

[ 2017-12-19T11:10:19+08:00 ] 192.168.0.105 /xq/index.php/assets/img/lunbo.png
INFO: [ app_init ] --START--
INFO: Run Behavior\BuildLiteBehavior [ RunTime:0.000016s ]
INFO: [ app_init ] --END-- [ RunTime:0.003185s ]
ERR: 无法加载模块:Assets

[ 2017-12-19T11:10:19+08:00 ] 192.168.0.105 /xq/index.php/assets/img/lianxiwomen.png
INFO: [ app_init ] --START--
INFO: Run Behavior\BuildLiteBehavior [ RunTime:0.000017s ]
INFO: [ app_init ] --END-- [ RunTime:0.000501s ]
ERR: 无法加载模块:Assets

[ 2017-12-19T11:10:19+08:00 ] 192.168.0.105 /xq/index.php/assets/img/lunbo2.png
INFO: [ app_init ] --START--
INFO: Run Behavior\BuildLiteBehavior [ RunTime:0.000015s ]
INFO: [ app_init ] --END-- [ RunTime:0.000548s ]
ERR: 无法加载模块:Assets

[ 2017-12-19T11:10:19+08:00 ] 192.168.0.105 /xq/index.php/assets/img/erweima.png
INFO: [ app_init ] --START--
INFO: Run Behavior\BuildLiteBehavior [ RunTime:0.000017s ]
INFO: [ app_init ] --END-- [ RunTime:0.000714s ]
ERR: 无法加载模块:Assets

[ 2017-12-19T11:10:19+08:00 ] 192.168.0.105 /xq/index.php/assets/img/xinque.png
INFO: [ app_init ] --START--
INFO: Run Behavior\BuildLiteBehavior [ RunTime:0.000018s ]
INFO: [ app_init ] --END-- [ RunTime:0.001784s ]
ERR: 无法加载模块:Assets

